[    16.460] (WW) Failed to open protocol names file lib/xorg/protocol.txt
[    16.467] 
X.Org X Server 1.20.0
X Protocol Version 11, Revision 0
[    16.467] Build Operating System: Linux Arch Linux
[    16.467] Current Operating System: Linux archlabs 4.17.10-1-ARCH #1 SMP PREEMPT Wed Jul 25 11:23:00 UTC 2018 x86_64
[    16.467] Kernel command line: BOOT_IMAGE=boot/x86_64/vmlinuz archisobasedir=arch archisolabel=AL_201807 cow_spacesize=1G initrd=boot/intel_ucode.img,boot/x86_64/archiso.img
[    16.467] Build Date: 18 June 2018  03:12:37PM
[    16.467]  
[    16.467] Current version of pixman: 0.34.0
[    16.467] 	Before reporting problems, check http://wiki.x.org
	to make sure that you have the latest version.
[    16.467] Markers: (--) probed, (**) from config file, (==) default setting,
	(++) from command line, (!!) notice, (II) informational,
	(WW) warning, (EE) error, (NI) not implemented, (??) unknown.
[    16.467] (==) Log file: "/home/liveuser/.local/share/xorg/Xorg.0.log", Time: Mon Sep 17 20:28:22 2018
[    16.471] (==) Using config directory: "/etc/X11/xorg.conf.d"
[    16.471] (==) Using system config directory "/usr/share/X11/xorg.conf.d"
[    16.479] (==) No Layout section.  Using the first Screen section.
[    16.479] (==) No screen section available. Using defaults.
[    16.479] (**) |-->Screen "Default Screen Section" (0)
[    16.479] (**) |   |-->Monitor "<default monitor>"
[    16.479] (==) No monitor specified for screen "Default Screen Section".
	Using a default monitor configuration.
[    16.479] (**) Option "DontZap" "false"
[    16.479] (==) Automatically adding devices
[    16.479] (==) Automatically enabling devices
[    16.479] (==) Automatically adding GPU devices
[    16.479] (==) Automatically binding GPU devices
[    16.483] (==) Max clients allowed: 256, resource mask: 0x1fffff
[    16.484] (WW) The directory "/usr/share/fonts/Type1" does not exist.
[    16.484] 	Entry deleted from font path.
[    16.484] (WW) The directory "/usr/share/fonts/100dpi" does not exist.
[    16.484] 	Entry deleted from font path.
[    16.484] (WW) The directory "/usr/share/fonts/75dpi" does not exist.
[    16.484] 	Entry deleted from font path.
[    16.484] (==) FontPath set to:
	/usr/share/fonts/misc,
	/usr/share/fonts/TTF,
	/usr/share/fonts/OTF
[    16.484] (==) ModulePath set to "/usr/lib/xorg/modules"
[    16.484] (II) The server relies on udev to provide the list of input devices.
	If no devices become available, reconfigure udev or disable AutoAddDevices.
[    16.484] (II) Module ABI versions:
[    16.484] 	X.Org ANSI C Emulation: 0.4
[    16.484] 	X.Org Video Driver: 24.0
[    16.484] 	X.Org XInput driver : 24.1
[    16.484] 	X.Org Server Extension : 10.0
[    16.484] (++) using VT number 1

[    16.484] (--) controlling tty is VT number 1, auto-enabling KeepTty
[    16.485] (II) systemd-logind: took control of session /org/freedesktop/login1/session/c1
[    16.485] (II) xfree86: Adding drm device (/dev/dri/card0)
[    16.486] (II) systemd-logind: got fd for /dev/dri/card0 226:0 fd 10 paused 0
[    16.487] (--) PCI:*(1@0:0:0) 10de:1401:1043:8520 rev 161, Mem @ 0x52000000/16777216, 0x40000000/268435456, 0x50000000/33554432, I/O @ 0x00003000/128, BIOS @ 0x????????/131072
[    16.487] (WW) Open ACPI failed (/var/run/acpid.socket) (No such file or directory)
[    16.487] (II) LoadModule: "glx"
[    16.488] (II) Loading /usr/lib/xorg/modules/extensions/libglx.so
[    16.500] (II) Module glx: vendor="X.Org Foundation"
[    16.500] 	compiled for 1.20.0, module version = 1.0.0
[    16.500] 	ABI class: X.Org Server Extension, version 10.0
[    16.500] (==) Matched nouveau as autoconfigured driver 0
[    16.500] (==) Matched nv as autoconfigured driver 1
[    16.500] (==) Matched modesetting as autoconfigured driver 2
[    16.500] (==) Matched fbdev as autoconfigured driver 3
[    16.500] (==) Matched vesa as autoconfigured driver 4
[    16.500] (==) Assigned the driver to the xf86ConfigLayout
[    16.500] (II) LoadModule: "nouveau"
[    16.500] (II) Loading /usr/lib/xorg/modules/drivers/nouveau_drv.so
[    16.509] (II) Module nouveau: vendor="X.Org Foundation"
[    16.509] 	compiled for 1.20.0, module version = 1.0.15
[    16.509] 	Module class: X.Org Video Driver
[    16.509] 	ABI class: X.Org Video Driver, version 24.0
[    16.509] (II) LoadModule: "nv"
[    16.510] (WW) Warning, couldn't open module nv
[    16.510] (EE) Failed to load module "nv" (module does not exist, 0)
[    16.510] (II) LoadModule: "modesetting"
[    16.510] (II) Loading /usr/lib/xorg/modules/drivers/modesetting_drv.so
[    16.515] (II) Module modesetting: vendor="X.Org Foundation"
[    16.515] 	compiled for 1.20.0, module version = 1.20.0
[    16.515] 	Module class: X.Org Video Driver
[    16.515] 	ABI class: X.Org Video Driver, version 24.0
[    16.515] (II) LoadModule: "fbdev"
[    16.515] (II) Loading /usr/lib/xorg/modules/drivers/fbdev_drv.so
[    16.520] (II) Module fbdev: vendor="X.Org Foundation"
[    16.520] 	compiled for 1.20.0, module version = 0.5.0
[    16.520] 	Module class: X.Org Video Driver
[    16.520] 	ABI class: X.Org Video Driver, version 24.0
[    16.520] (II) LoadModule: "vesa"
[    16.520] (II) Loading /usr/lib/xorg/modules/drivers/vesa_drv.so
[    16.520] (II) Module vesa: vendor="X.Org Foundation"
[    16.520] 	compiled for 1.20.0, module version = 2.4.0
[    16.520] 	Module class: X.Org Video Driver
[    16.520] 	ABI class: X.Org Video Driver, version 24.0
[    16.520] (II) NOUVEAU driver 
[    16.520] (II) NOUVEAU driver for NVIDIA chipset families :
[    16.520] 	RIVA TNT        (NV04)
[    16.520] 	RIVA TNT2       (NV05)
[    16.520] 	GeForce 256     (NV10)
[    16.520] 	GeForce 2       (NV11, NV15)
[    16.520] 	GeForce 4MX     (NV17, NV18)
[    16.520] 	GeForce 3       (NV20)
[    16.520] 	GeForce 4Ti     (NV25, NV28)
[    16.520] 	GeForce FX      (NV3x)
[    16.520] 	GeForce 6       (NV4x)
[    16.520] 	GeForce 7       (G7x)
[    16.520] 	GeForce 8       (G8x)
[    16.520] 	GeForce GTX 200 (NVA0)
[    16.520] 	GeForce GTX 400 (NVC0)
[    16.520] (II) modesetting: Driver for Modesetting Kernel Drivers: kms
[    16.520] (II) FBDEV: driver for framebuffer: fbdev
[    16.520] (II) VESA: driver for VESA chipsets: vesa
[    16.520] xf86EnableIOPorts: failed to set IOPL for I/O (Operation not permitted)
[    16.520] (II) [drm] nouveau interface version: 1.3.1
[    16.520] (WW) Falling back to old probe method for modesetting
[    16.520] (WW) Falling back to old probe method for fbdev
[    16.520] (II) Loading sub module "fbdevhw"
[    16.520] (II) LoadModule: "fbdevhw"
[    16.520] (II) Loading /usr/lib/xorg/modules/libfbdevhw.so
[    16.526] (II) Module fbdevhw: vendor="X.Org Foundation"
[    16.526] 	compiled for 1.20.0, module version = 0.0.2
[    16.526] 	ABI class: X.Org Video Driver, version 24.0
[    16.526] (EE) open /dev/fb0: Permission denied
[    16.526] (WW) VGA arbiter: cannot open kernel arbiter, no multi-card support
[    16.526] (II) Loading sub module "dri2"
[    16.526] (II) LoadModule: "dri2"
[    16.526] (II) Module "dri2" already built-in
[    16.526] (--) NOUVEAU(0): Chipset: "NVIDIA NV126"
[    16.526] (II) NOUVEAU(0): Creating default Display subsection in Screen section
	"Default Screen Section" for depth/fbbpp 24/32
[    16.526] (==) NOUVEAU(0): Depth 24, (--) framebuffer bpp 32
[    16.526] (==) NOUVEAU(0): RGB weight 888
[    16.526] (==) NOUVEAU(0): Default visual is TrueColor
[    16.526] (==) NOUVEAU(0): Using HW cursor
[    16.526] (==) NOUVEAU(0): Allowed maximum DRI level 2.
[    16.526] (==) NOUVEAU(0): GLX sync to VBlank enabled.
[    16.526] (==) NOUVEAU(0): Page flipping enabled
[    16.526] (==) NOUVEAU(0): Swap limit set to 1 [Max allowed 2]
[    16.526] (==) NOUVEAU(0): Page flipping synced to vblank by kernel.
[    16.526] (II) NOUVEAU(0): Initializing outputs ...
[    16.560] (II) NOUVEAU(0): Output DVI-I-1 has no monitor section
[    16.625] (II) NOUVEAU(0): Output HDMI-1 has no monitor section
[    16.676] (II) NOUVEAU(0): Output DP-1 has no monitor section
[    16.730] (II) NOUVEAU(0): Output DP-2 has no monitor section
[    16.783] (II) NOUVEAU(0): Output DP-3 has no monitor section
[    16.783] (II) NOUVEAU(0): 5 crtcs needed for screen.
[    16.783] (II) NOUVEAU(0): Allocated crtc nr. 0 to this screen.
[    16.783] (II) NOUVEAU(0): Allocated crtc nr. 1 to this screen.
[    16.783] (II) NOUVEAU(0): Allocated crtc nr. 2 to this screen.
[    16.783] (II) NOUVEAU(0): Allocated crtc nr. 3 to this screen.
[    16.817] (II) NOUVEAU(0): EDID for output DVI-I-1
[    16.817] (II) NOUVEAU(0): Manufacturer: GSM  Model: 597c  Serial#: 388078
[    16.817] (II) NOUVEAU(0): Year: 2013  Week: 1
[    16.817] (II) NOUVEAU(0): EDID Version: 1.3
[    16.817] (II) NOUVEAU(0): Analog Display Input,  Input Voltage Level: 0.700/0.700 V
[    16.817] (II) NOUVEAU(0): Sync:  Separate  Composite
[    16.817] (II) NOUVEAU(0): Max Image Size [cm]: horiz.: 48  vert.: 27
[    16.817] (II) NOUVEAU(0): Gamma: 2.20
[    16.817] (II) NOUVEAU(0): DPMS capabilities: StandBy Suspend Off; RGB/Color Display
[    16.817] (II) NOUVEAU(0): First detailed timing is preferred mode
[    16.817] (II) NOUVEAU(0): redX: 0.637 redY: 0.331   greenX: 0.309 greenY: 0.620
[    16.817] (II) NOUVEAU(0): blueX: 0.152 blueY: 0.069   whiteX: 0.313 whiteY: 0.329
[    16.817] (II) NOUVEAU(0): Supported established timings:
[    16.817] (II) NOUVEAU(0): 720x400@70Hz
[    16.817] (II) NOUVEAU(0): 640x480@60Hz
[    16.817] (II) NOUVEAU(0): 640x480@75Hz
[    16.817] (II) NOUVEAU(0): 800x600@56Hz
[    16.817] (II) NOUVEAU(0): 800x600@60Hz
[    16.817] (II) NOUVEAU(0): 800x600@75Hz
[    16.817] (II) NOUVEAU(0): 832x624@75Hz
[    16.817] (II) NOUVEAU(0): 1024x768@60Hz
[    16.817] (II) NOUVEAU(0): 1024x768@75Hz
[    16.817] (II) NOUVEAU(0): 1280x1024@75Hz
[    16.817] (II) NOUVEAU(0): 1152x864@75Hz
[    16.817] (II) NOUVEAU(0): Manufacturer's mask: 0
[    16.817] (II) NOUVEAU(0): Supported standard timings:
[    16.817] (II) NOUVEAU(0): #0: hsize: 1152  vsize 864  refresh: 75  vid: 20337
[    16.817] (II) NOUVEAU(0): #1: hsize: 1280  vsize 720  refresh: 60  vid: 49281
[    16.817] (II) NOUVEAU(0): #2: hsize: 1280  vsize 800  refresh: 60  vid: 129
[    16.817] (II) NOUVEAU(0): #3: hsize: 1280  vsize 1024  refresh: 60  vid: 32897
[    16.817] (II) NOUVEAU(0): #4: hsize: 1440  vsize 900  refresh: 60  vid: 149
[    16.817] (II) NOUVEAU(0): #5: hsize: 1400  vsize 1050  refresh: 60  vid: 16528
[    16.817] (II) NOUVEAU(0): #6: hsize: 1600  vsize 900  refresh: 60  vid: 49321
[    16.817] (II) NOUVEAU(0): #7: hsize: 1680  vsize 1050  refresh: 60  vid: 179
[    16.817] (II) NOUVEAU(0): Supported detailed timing:
[    16.817] (II) NOUVEAU(0): clock: 148.5 MHz   Image Size:  480 x 270 mm
[    16.817] (II) NOUVEAU(0): h_active: 1920  h_sync: 2008  h_sync_end 2052 h_blank_end 2200 h_border: 0
[    16.817] (II) NOUVEAU(0): v_active: 1080  v_sync: 1084  v_sync_end 1089 v_blanking: 1125 v_border: 0
[    16.817] (II) NOUVEAU(0): Ranges: V min: 56 V max: 75 Hz, H min: 30 H max: 83 kHz, PixClock max 155 MHz
[    16.817] (II) NOUVEAU(0): Monitor name: 22EN33
[    16.817] (II) NOUVEAU(0): Serial No: 301NDSKBE078
[    16.817] (II) NOUVEAU(0): EDID (in hex):
[    16.817] (II) NOUVEAU(0): 	00ffffffffffff001e6d7c59eeeb0500
[    16.817] (II) NOUVEAU(0): 	011701036c301b78ea3335a3544f9e27
[    16.817] (II) NOUVEAU(0): 	115054a76b80714f81c0810081809500
[    16.817] (II) NOUVEAU(0): 	9040a9c0b300023a801871382d40582c
[    16.817] (II) NOUVEAU(0): 	4500e00e1100001e000000fd00384b1e
[    16.817] (II) NOUVEAU(0): 	530f000a202020202020000000fc0032
[    16.817] (II) NOUVEAU(0): 	32454e33330a202020202020000000ff
[    16.817] (II) NOUVEAU(0): 	003330314e44534b42453037380a0025
[    16.817] (II) NOUVEAU(0): Printing probed modes for output DVI-I-1
[    16.817] (II) NOUVEAU(0): Modeline "1920x1080"x60.0  148.50  1920 2008 2052 2200  1080 1084 1089 1125 +hsync +vsync (67.5 kHz eP)
[    16.817] (II) NOUVEAU(0): Modeline "1680x1050"x60.0  146.25  1680 1784 1960 2240  1050 1053 1059 1089 -hsync +vsync (65.3 kHz e)
[    16.817] (II) NOUVEAU(0): Modeline "1400x1050"x60.0  121.75  1400 1488 1632 1864  1050 1053 1057 1089 -hsync +vsync (65.3 kHz e)
[    16.817] (II) NOUVEAU(0): Modeline "1600x900"x60.0  108.00  1600 1624 1704 1800  900 901 904 1000 +hsync +vsync (60.0 kHz e)
[    16.817] (II) NOUVEAU(0): Modeline "1280x1024"x75.0  135.00  1280 1296 1440 1688  1024 1025 1028 1066 +hsync +vsync (80.0 kHz e)
[    16.817] (II) NOUVEAU(0): Modeline "1280x1024"x60.0  108.00  1280 1328 1440 1688  1024 1025 1028 1066 +hsync +vsync (64.0 kHz e)
[    16.817] (II) NOUVEAU(0): Modeline "1440x900"x59.9  106.50  1440 1520 1672 1904  900 903 909 934 -hsync +vsync (55.9 kHz e)
[    16.817] (II) NOUVEAU(0): Modeline "1280x800"x59.8   83.50  1280 1352 1480 1680  800 803 809 831 -hsync +vsync (49.7 kHz e)
[    16.817] (II) NOUVEAU(0): Modeline "1152x864"x75.0  108.00  1152 1216 1344 1600  864 865 868 900 +hsync +vsync (67.5 kHz e)
[    16.817] (II) NOUVEAU(0): Modeline "1280x720"x60.0   74.25  1280 1390 1430 1650  720 725 730 750 +hsync +vsync (45.0 kHz e)
[    16.817] (II) NOUVEAU(0): Modeline "1024x768"x75.0   78.75  1024 1040 1136 1312  768 769 772 800 +hsync +vsync (60.0 kHz e)
[    16.817] (II) NOUVEAU(0): Modeline "1024x768"x60.0   65.00  1024 1048 1184 1344  768 771 777 806 -hsync -vsync (48.4 kHz e)
[    16.817] (II) NOUVEAU(0): Modeline "832x624"x74.6   57.28  832 864 928 1152  624 625 628 667 -hsync -vsync (49.7 kHz e)
[    16.817] (II) NOUVEAU(0): Modeline "800x600"x75.0   49.50  800 816 896 1056  600 601 604 625 +hsync +vsync (46.9 kHz e)
[    16.817] (II) NOUVEAU(0): Modeline "800x600"x60.3   40.00  800 840 968 1056  600 601 605 628 +hsync +vsync (37.9 kHz e)
[    16.817] (II) NOUVEAU(0): Modeline "800x600"x56.2   36.00  800 824 896 1024  600 601 603 625 +hsync +vsync (35.2 kHz e)
[    16.817] (II) NOUVEAU(0): Modeline "640x480"x75.0   31.50  640 656 720 840  480 481 484 500 -hsync -vsync (37.5 kHz e)
[    16.817] (II) NOUVEAU(0): Modeline "640x480"x59.9   25.18  640 656 752 800  480 490 492 525 -hsync -vsync (31.5 kHz e)
[    16.817] (II) NOUVEAU(0): Modeline "720x400"x70.1   28.32  720 738 846 900  400 412 414 449 -hsync +vsync (31.5 kHz e)
[    16.883] (II) NOUVEAU(0): EDID for output HDMI-1
[    16.883] (II) NOUVEAU(0): Manufacturer: GSM  Model: 59c6  Serial#: 16843009
[    16.883] (II) NOUVEAU(0): Year: 2015  Week: 1
[    16.883] (II) NOUVEAU(0): EDID Version: 1.3
[    16.883] (II) NOUVEAU(0): Digital Display Input
[    16.883] (II) NOUVEAU(0): Max Image Size [cm]: horiz.: 51  vert.: 29
[    16.883] (II) NOUVEAU(0): Gamma: 2.20
[    16.883] (II) NOUVEAU(0): DPMS capabilities: StandBy Suspend Off
[    16.883] (II) NOUVEAU(0): Supported color encodings: RGB 4:4:4 YCrCb 4:4:4 
[    16.883] (II) NOUVEAU(0): First detailed timing is preferred mode
[    16.883] (II) NOUVEAU(0): redX: 0.638 redY: 0.334   greenX: 0.309 greenY: 0.627
[    16.883] (II) NOUVEAU(0): blueX: 0.153 blueY: 0.073   whiteX: 0.313 whiteY: 0.329
[    16.883] (II) NOUVEAU(0): Supported established timings:
[    16.883] (II) NOUVEAU(0): 720x400@70Hz
[    16.883] (II) NOUVEAU(0): 640x480@60Hz
[    16.883] (II) NOUVEAU(0): 640x480@75Hz
[    16.883] (II) NOUVEAU(0): 800x600@60Hz
[    16.883] (II) NOUVEAU(0): 800x600@75Hz
[    16.883] (II) NOUVEAU(0): 832x624@75Hz
[    16.883] (II) NOUVEAU(0): 1024x768@60Hz
[    16.883] (II) NOUVEAU(0): 1024x768@70Hz
[    16.883] (II) NOUVEAU(0): 1024x768@75Hz
[    16.883] (II) NOUVEAU(0): 1280x1024@75Hz
[    16.883] (II) NOUVEAU(0): Manufacturer's mask: 0
[    16.883] (II) NOUVEAU(0): Supported standard timings:
[    16.883] (II) NOUVEAU(0): #0: hsize: 1152  vsize 864  refresh: 75  vid: 20337
[    16.883] (II) NOUVEAU(0): #1: hsize: 1280  vsize 720  refresh: 60  vid: 49281
[    16.883] (II) NOUVEAU(0): #2: hsize: 1280  vsize 800  refresh: 60  vid: 129
[    16.883] (II) NOUVEAU(0): #3: hsize: 1280  vsize 1024  refresh: 60  vid: 32897
[    16.883] (II) NOUVEAU(0): #4: hsize: 1440  vsize 900  refresh: 60  vid: 149
[    16.883] (II) NOUVEAU(0): #5: hsize: 1400  vsize 1050  refresh: 60  vid: 16528
[    16.883] (II) NOUVEAU(0): #6: hsize: 1600  vsize 900  refresh: 60  vid: 49321
[    16.883] (II) NOUVEAU(0): #7: hsize: 1680  vsize 1050  refresh: 60  vid: 179
[    16.883] (II) NOUVEAU(0): Supported detailed timing:
[    16.883] (II) NOUVEAU(0): clock: 148.5 MHz   Image Size:  509 x 286 mm
[    16.883] (II) NOUVEAU(0): h_active: 1920  h_sync: 2008  h_sync_end 2052 h_blank_end 2200 h_border: 0
[    16.883] (II) NOUVEAU(0): v_active: 1080  v_sync: 1084  v_sync_end 1089 v_blanking: 1125 v_border: 0
[    16.883] (II) NOUVEAU(0): Supported detailed timing:
[    16.883] (II) NOUVEAU(0): clock: 146.2 MHz   Image Size:  509 x 286 mm
[    16.883] (II) NOUVEAU(0): h_active: 1680  h_sync: 1784  h_sync_end 1960 h_blank_end 2240 h_border: 0
[    16.883] (II) NOUVEAU(0): v_active: 1050  v_sync: 1053  v_sync_end 1059 v_blanking: 1089 v_border: 0
[    16.883] (II) NOUVEAU(0): Ranges: V min: 56 V max: 75 Hz, H min: 30 H max: 83 kHz, PixClock max 155 MHz
[    16.883] (II) NOUVEAU(0): Monitor name: 2D FHD LG TV
[    16.883] (II) NOUVEAU(0): Supported detailed timing:
[    16.883] (II) NOUVEAU(0): clock: 74.2 MHz   Image Size:  598 x 336 mm
[    16.883] (II) NOUVEAU(0): h_active: 1280  h_sync: 1336  h_sync_end 1472 h_blank_end 1650 h_border: 0
[    16.883] (II) NOUVEAU(0): v_active: 720  v_sync: 721  v_sync_end 726 v_blanking: 750 v_border: 0
[    16.883] (II) NOUVEAU(0): Supported detailed timing:
[    16.883] (II) NOUVEAU(0): clock: 74.2 MHz   Image Size:  598 x 336 mm
[    16.883] (II) NOUVEAU(0): h_active: 1920  h_sync: 2008  h_sync_end 2052 h_blank_end 2200 h_border: 0
[    16.883] (II) NOUVEAU(0): v_active: 540  v_sync: 542  v_sync_end 547 v_blanking: 562 v_border: 0
[    16.883] (II) NOUVEAU(0): Supported detailed timing:
[    16.883] (II) NOUVEAU(0): clock: 74.2 MHz   Image Size:  708 x 398 mm
[    16.883] (II) NOUVEAU(0): h_active: 1920  h_sync: 2448  h_sync_end 2492 h_blank_end 2640 h_border: 0
[    16.883] (II) NOUVEAU(0): v_active: 540  v_sync: 542  v_sync_end 547 v_blanking: 562 v_border: 0
[    16.883] (II) NOUVEAU(0): Supported detailed timing:
[    16.883] (II) NOUVEAU(0): clock: 148.5 MHz   Image Size:  518 x 324 mm
[    16.883] (II) NOUVEAU(0): h_active: 1920  h_sync: 1936  h_sync_end 2492 h_blank_end 2640 h_border: 0
[    16.883] (II) NOUVEAU(0): v_active: 1080  v_sync: 1084  v_sync_end 1089 v_blanking: 1125 v_border: 0
[    16.883] (II) NOUVEAU(0): Supported detailed timing:
[    16.883] (II) NOUVEAU(0): clock: 148.5 MHz   Image Size:  598 x 336 mm
[    16.883] (II) NOUVEAU(0): h_active: 1920  h_sync: 2008  h_sync_end 2052 h_blank_end 2200 h_border: 0
[    16.883] (II) NOUVEAU(0): v_active: 1080  v_sync: 1084  v_sync_end 1089 v_blanking: 1125 v_border: 0
[    16.883] (II) NOUVEAU(0): Number of EDID sections to follow: 1
[    16.883] (II) NOUVEAU(0): EDID (in hex):
[    16.883] (II) NOUVEAU(0): 	00ffffffffffff001e6dc65901010101
[    16.883] (II) NOUVEAU(0): 	0119010380331d78ea6275a3554fa027
[    16.883] (II) NOUVEAU(0): 	125054a56f00714f81c0810081809500
[    16.883] (II) NOUVEAU(0): 	9040a9c0b300023a801871382d40582c
[    16.883] (II) NOUVEAU(0): 	4500fd1e1100001a21399030621a2740
[    16.883] (II) NOUVEAU(0): 	68b03600fd1e1100001c000000fd0038
[    16.883] (II) NOUVEAU(0): 	4b1e530f000a202020202020000000fc
[    16.883] (II) NOUVEAU(0): 	00324420464844204c472054560a0113
[    16.883] (II) NOUVEAU(0): 	020321f14e0405030220221011131214
[    16.883] (II) NOUVEAU(0): 	9f07162615075009570766030c001000
[    16.883] (II) NOUVEAU(0): 	80011d007251d01e2038881500565021
[    16.883] (II) NOUVEAU(0): 	00001e011d8018711c1620582c250056
[    16.883] (II) NOUVEAU(0): 	502100009e011d80d0721c1620102c25
[    16.883] (II) NOUVEAU(0): 	80c48e2100009e023a80d072382d4010
[    16.883] (II) NOUVEAU(0): 	2c452006442100001e023a801871382d
[    16.883] (II) NOUVEAU(0): 	40582c450056502100001e000000007e
[    16.883] (II) NOUVEAU(0): Printing probed modes for output HDMI-1
[    16.883] (II) NOUVEAU(0): Modeline "1920x1080"x60.0  148.50  1920 2008 2052 2200  1080 1084 1089 1125 +hsync -vsync (67.5 kHz eP)
[    16.883] (II) NOUVEAU(0): Modeline "1920x1080"x60.0  148.50  1920 2008 2052 2200  1080 1084 1089 1125 +hsync +vsync (67.5 kHz e)
[    16.883] (II) NOUVEAU(0): Modeline "1920x1080"x50.0  148.50  1920 1936 2492 2640  1080 1084 1089 1125 +hsync +vsync (56.2 kHz e)
[    16.883] (II) NOUVEAU(0): Modeline "1920x1080"x50.0  148.50  1920 2448 2492 2640  1080 1084 1089 1125 +hsync +vsync (56.2 kHz e)
[    16.883] (II) NOUVEAU(0): Modeline "1920x1080"x59.9  148.35  1920 2008 2052 2200  1080 1084 1089 1125 +hsync +vsync (67.4 kHz e)
[    16.883] (II) NOUVEAU(0): Modeline "1920x1080i"x60.0   74.25  1920 2008 2052 2200  1080 1084 1094 1125 interlace +hsync +vsync (33.8 kHz e)
[    16.883] (II) NOUVEAU(0): Modeline "1920x1080i"x50.0   74.25  1920 2448 2492 2640  1080 1084 1094 1125 interlace +hsync +vsync (28.1 kHz e)
[    16.883] (II) NOUVEAU(0): Modeline "1920x1080"x30.0   74.25  1920 2008 2052 2200  1080 1084 1089 1125 +hsync +vsync (33.8 kHz e)
[    16.883] (II) NOUVEAU(0): Modeline "1920x1080"x24.0   74.25  1920 2558 2602 2750  1080 1084 1089 1125 +hsync +vsync (27.0 kHz e)
[    16.883] (II) NOUVEAU(0): Modeline "1920x1080i"x59.9   74.18  1920 2008 2052 2200  1080 1084 1094 1125 interlace +hsync +vsync (33.7 kHz e)
[    16.883] (II) NOUVEAU(0): Modeline "1920x1080"x30.0   74.18  1920 2008 2052 2200  1080 1084 1089 1125 +hsync +vsync (33.7 kHz e)
[    16.883] (II) NOUVEAU(0): Modeline "1920x1080"x24.0   74.18  1920 2558 2602 2750  1080 1084 1089 1125 +hsync +vsync (27.0 kHz e)
[    16.883] (II) NOUVEAU(0): Modeline "1680x1050"x60.0  146.25  1680 1784 1960 2240  1050 1053 1059 1089 -hsync +vsync (65.3 kHz e)
[    16.883] (II) NOUVEAU(0): Modeline "1400x1050"x59.9  101.00  1400 1448 1480 1560  1050 1053 1057 1080 +hsync -vsync (64.7 kHz e)
[    16.883] (II) NOUVEAU(0): Modeline "1600x900"x60.0  108.00  1600 1624 1704 1800  900 901 904 1000 +hsync +vsync (60.0 kHz e)
[    16.883] (II) NOUVEAU(0): Modeline "1280x1024"x75.0  135.00  1280 1296 1440 1688  1024 1025 1028 1066 +hsync +vsync (80.0 kHz e)
[    16.883] (II) NOUVEAU(0): Modeline "1280x1024"x60.0  108.00  1280 1328 1440 1688  1024 1025 1028 1066 +hsync +vsync (64.0 kHz e)
[    16.883] (II) NOUVEAU(0): Modeline "1440x900"x59.9   88.75  1440 1488 1520 1600  900 903 909 926 +hsync -vsync (55.5 kHz e)
[    16.883] (II) NOUVEAU(0): Modeline "1280x800"x59.9   71.00  1280 1328 1360 1440  800 803 809 823 +hsync -vsync (49.3 kHz e)
[    16.883] (II) NOUVEAU(0): Modeline "1152x864"x75.0  108.00  1152 1216 1344 1600  864 865 868 900 +hsync +vsync (67.5 kHz e)
[    16.883] (II) NOUVEAU(0): Modeline "1280x720"x60.0   74.25  1280 1336 1472 1650  720 721 726 750 +hsync +vsync (45.0 kHz e)
[    16.883] (II) NOUVEAU(0): Modeline "1280x720"x60.0   74.25  1280 1390 1430 1650  720 725 730 750 +hsync +vsync (45.0 kHz e)
[    16.883] (II) NOUVEAU(0): Modeline "1280x720"x50.0   74.25  1280 1720 1760 1980  720 725 730 750 +hsync +vsync (37.5 kHz e)
[    16.883] (II) NOUVEAU(0): Modeline "1280x720"x59.9   74.18  1280 1390 1430 1650  720 725 730 750 +hsync +vsync (45.0 kHz e)
[    16.883] (II) NOUVEAU(0): Modeline "1024x768"x75.0   78.75  1024 1040 1136 1312  768 769 772 800 +hsync +vsync (60.0 kHz e)
[    16.883] (II) NOUVEAU(0): Modeline "1024x768"x70.1   75.00  1024 1048 1184 1328  768 771 777 806 -hsync -vsync (56.5 kHz e)
[    16.883] (II) NOUVEAU(0): Modeline "1024x768"x60.0   65.00  1024 1048 1184 1344  768 771 777 806 -hsync -vsync (48.4 kHz e)
[    16.883] (II) NOUVEAU(0): Modeline "832x624"x74.6   57.28  832 864 928 1152  624 625 628 667 -hsync -vsync (49.7 kHz e)
[    16.883] (II) NOUVEAU(0): Modeline "800x600"x75.0   49.50  800 816 896 1056  600 601 604 625 +hsync +vsync (46.9 kHz e)
[    16.883] (II) NOUVEAU(0): Modeline "800x600"x60.3   40.00  800 840 968 1056  600 601 605 628 +hsync +vsync (37.9 kHz e)
[    16.883] (II) NOUVEAU(0): Modeline "720x576"x50.0   27.00  720 732 796 864  576 581 586 625 -hsync -vsync (31.2 kHz e)
[    16.883] (II) NOUVEAU(0): Modeline "720x480"x60.0   27.03  720 736 798 858  480 489 495 525 -hsync -vsync (31.5 kHz e)
[    16.883] (II) NOUVEAU(0): Modeline "720x480"x59.9   27.00  720 736 798 858  480 489 495 525 -hsync -vsync (31.5 kHz e)
[    16.883] (II) NOUVEAU(0): Modeline "640x480"x75.0   31.50  640 656 720 840  480 481 484 500 -hsync -vsync (37.5 kHz e)
[    16.883] (II) NOUVEAU(0): Modeline "640x480"x60.0   25.20  640 656 752 800  480 490 492 525 -hsync -vsync (31.5 kHz e)
[    16.883] (II) NOUVEAU(0): Modeline "640x480"x59.9   25.18  640 656 752 800  480 490 492 525 -hsync -vsync (31.5 kHz e)
[    16.883] (II) NOUVEAU(0): Modeline "720x400"x70.1   28.32  720 738 846 900  400 412 414 449 -hsync +vsync (31.5 kHz e)
[    16.936] (II) NOUVEAU(0): EDID for output DP-1
[    16.990] (II) NOUVEAU(0): EDID for output DP-2
[    17.043] (II) NOUVEAU(0): EDID for output DP-3
[    17.043] (II) NOUVEAU(0): Output DVI-I-1 connected
[    17.043] (II) NOUVEAU(0): Output HDMI-1 connected
[    17.043] (II) NOUVEAU(0): Output DP-1 disconnected
[    17.043] (II) NOUVEAU(0): Output DP-2 disconnected
[    17.043] (II) NOUVEAU(0): Output DP-3 disconnected
[    17.043] (II) NOUVEAU(0): Using spanning desktop for initial modes
[    17.043] (II) NOUVEAU(0): Output DVI-I-1 using initial mode 1920x1080 +0+0
[    17.043] (II) NOUVEAU(0): Output HDMI-1 using initial mode 1920x1080 +1920+0
[    17.043] (==) NOUVEAU(0): Using gamma correction (1.0, 1.0, 1.0)
[    17.043] (II) NOUVEAU(0): Virtual size is 3840x1080 (pitch 0)
[    17.043] (**) NOUVEAU(0):  Driver mode "1920x1080": 148.5 MHz (scaled from 0.0 MHz), 67.5 kHz, 60.0 Hz
[    17.043] (II) NOUVEAU(0): Modeline "1920x1080"x60.0  148.50  1920 2008 2052 2200  1080 1084 1089 1125 +hsync +vsync (67.5 kHz eP)
[    17.043] (**) NOUVEAU(0):  Driver mode "1680x1050": 146.2 MHz (scaled from 0.0 MHz), 65.3 kHz, 60.0 Hz
[    17.043] (II) NOUVEAU(0): Modeline "1680x1050"x60.0  146.25  1680 1784 1960 2240  1050 1053 1059 1089 -hsync +vsync (65.3 kHz e)
[    17.043] (**) NOUVEAU(0):  Driver mode "1400x1050": 121.8 MHz (scaled from 0.0 MHz), 65.3 kHz, 60.0 Hz
[    17.043] (II) NOUVEAU(0): Modeline "1400x1050"x60.0  121.75  1400 1488 1632 1864  1050 1053 1057 1089 -hsync +vsync (65.3 kHz e)
[    17.043] (**) NOUVEAU(0):  Driver mode "1600x900": 108.0 MHz (scaled from 0.0 MHz), 60.0 kHz, 60.0 Hz
[    17.043] (II) NOUVEAU(0): Modeline "1600x900"x60.0  108.00  1600 1624 1704 1800  900 901 904 1000 +hsync +vsync (60.0 kHz e)
[    17.043] (**) NOUVEAU(0):  Driver mode "1280x1024": 135.0 MHz (scaled from 0.0 MHz), 80.0 kHz, 75.0 Hz
[    17.043] (II) NOUVEAU(0): Modeline "1280x1024"x75.0  135.00  1280 1296 1440 1688  1024 1025 1028 1066 +hsync +vsync (80.0 kHz e)
[    17.043] (**) NOUVEAU(0):  Driver mode "1280x1024": 108.0 MHz (scaled from 0.0 MHz), 64.0 kHz, 60.0 Hz
[    17.043] (II) NOUVEAU(0): Modeline "1280x1024"x60.0  108.00  1280 1328 1440 1688  1024 1025 1028 1066 +hsync +vsync (64.0 kHz e)
[    17.043] (**) NOUVEAU(0):  Driver mode "1440x900": 106.5 MHz (scaled from 0.0 MHz), 55.9 kHz, 59.9 Hz
[    17.043] (II) NOUVEAU(0): Modeline "1440x900"x59.9  106.50  1440 1520 1672 1904  900 903 909 934 -hsync +vsync (55.9 kHz e)
[    17.043] (**) NOUVEAU(0):  Driver mode "1280x800": 83.5 MHz (scaled from 0.0 MHz), 49.7 kHz, 59.8 Hz
[    17.043] (II) NOUVEAU(0): Modeline "1280x800"x59.8   83.50  1280 1352 1480 1680  800 803 809 831 -hsync +vsync (49.7 kHz e)
[    17.043] (**) NOUVEAU(0):  Driver mode "1152x864": 108.0 MHz (scaled from 0.0 MHz), 67.5 kHz, 75.0 Hz
[    17.043] (II) NOUVEAU(0): Modeline "1152x864"x75.0  108.00  1152 1216 1344 1600  864 865 868 900 +hsync +vsync (67.5 kHz e)
[    17.043] (**) NOUVEAU(0):  Driver mode "1280x720": 74.2 MHz (scaled from 0.0 MHz), 45.0 kHz, 60.0 Hz
[    17.043] (II) NOUVEAU(0): Modeline "1280x720"x60.0   74.25  1280 1390 1430 1650  720 725 730 750 +hsync +vsync (45.0 kHz e)
[    17.043] (**) NOUVEAU(0):  Driver mode "1024x768": 78.8 MHz (scaled from 0.0 MHz), 60.0 kHz, 75.0 Hz
[    17.043] (II) NOUVEAU(0): Modeline "1024x768"x75.0   78.75  1024 1040 1136 1312  768 769 772 800 +hsync +vsync (60.0 kHz e)
[    17.043] (**) NOUVEAU(0):  Driver mode "1024x768": 65.0 MHz (scaled from 0.0 MHz), 48.4 kHz, 60.0 Hz
[    17.043] (II) NOUVEAU(0): Modeline "1024x768"x60.0   65.00  1024 1048 1184 1344  768 771 777 806 -hsync -vsync (48.4 kHz e)
[    17.043] (**) NOUVEAU(0):  Driver mode "832x624": 57.3 MHz (scaled from 0.0 MHz), 49.7 kHz, 74.6 Hz
[    17.043] (II) NOUVEAU(0): Modeline "832x624"x74.6   57.28  832 864 928 1152  624 625 628 667 -hsync -vsync (49.7 kHz e)
[    17.043] (**) NOUVEAU(0):  Driver mode "800x600": 49.5 MHz (scaled from 0.0 MHz), 46.9 kHz, 75.0 Hz
[    17.043] (II) NOUVEAU(0): Modeline "800x600"x75.0   49.50  800 816 896 1056  600 601 604 625 +hsync +vsync (46.9 kHz e)
[    17.043] (**) NOUVEAU(0):  Driver mode "800x600": 40.0 MHz (scaled from 0.0 MHz), 37.9 kHz, 60.3 Hz
[    17.043] (II) NOUVEAU(0): Modeline "800x600"x60.3   40.00  800 840 968 1056  600 601 605 628 +hsync +vsync (37.9 kHz e)
[    17.043] (**) NOUVEAU(0):  Driver mode "800x600": 36.0 MHz (scaled from 0.0 MHz), 35.2 kHz, 56.2 Hz
[    17.043] (II) NOUVEAU(0): Modeline "800x600"x56.2   36.00  800 824 896 1024  600 601 603 625 +hsync +vsync (35.2 kHz e)
[    17.043] (**) NOUVEAU(0):  Driver mode "640x480": 31.5 MHz (scaled from 0.0 MHz), 37.5 kHz, 75.0 Hz
[    17.043] (II) NOUVEAU(0): Modeline "640x480"x75.0   31.50  640 656 720 840  480 481 484 500 -hsync -vsync (37.5 kHz e)
[    17.043] (**) NOUVEAU(0):  Driver mode "640x480": 25.2 MHz (scaled from 0.0 MHz), 31.5 kHz, 59.9 Hz
[    17.043] (II) NOUVEAU(0): Modeline "640x480"x59.9   25.18  640 656 752 800  480 490 492 525 -hsync -vsync (31.5 kHz e)
[    17.043] (**) NOUVEAU(0):  Driver mode "720x400": 28.3 MHz (scaled from 0.0 MHz), 31.5 kHz, 70.1 Hz
[    17.043] (II) NOUVEAU(0): Modeline "720x400"x70.1   28.32  720 738 846 900  400 412 414 449 -hsync +vsync (31.5 kHz e)
[    17.043] (==) NOUVEAU(0): DPI set to (96, 96)
[    17.043] (II) Loading sub module "fb"
[    17.043] (II) LoadModule: "fb"
[    17.043] (II) Loading /usr/lib/xorg/modules/libfb.so
[    17.043] (II) Module fb: vendor="X.Org Foundation"
[    17.043] 	compiled for 1.20.0, module version = 1.0.0
[    17.043] 	ABI class: X.Org ANSI C Emulation, version 0.4
[    17.043] (II) Loading sub module "shadowfb"
[    17.043] (II) LoadModule: "shadowfb"
[    17.043] (II) Loading /usr/lib/xorg/modules/libshadowfb.so
[    17.048] (II) Module shadowfb: vendor="X.Org Foundation"
[    17.048] 	compiled for 1.20.0, module version = 1.0.0
[    17.048] 	ABI class: X.Org ANSI C Emulation, version 0.4
[    17.048] (II) UnloadModule: "modesetting"
[    17.048] (II) Unloading modesetting
[    17.048] (II) UnloadModule: "fbdev"
[    17.048] (II) Unloading fbdev
[    17.048] (II) UnloadSubModule: "fbdevhw"
[    17.048] (II) Unloading fbdevhw
[    17.048] (II) UnloadModule: "vesa"
[    17.048] (II) Unloading vesa
[    17.049] (II) NOUVEAU(0): Channel setup complete.
[    17.049] (II) NOUVEAU(0): [COPY] async initialised.
[    17.049] (II) NOUVEAU(0): Hardware support for Present enabled
[    17.049] (II) NOUVEAU(0): [DRI2] Setup complete
[    17.049] (II) NOUVEAU(0): [DRI2]   DRI driver: nouveau
[    17.049] (II) NOUVEAU(0): [DRI2]   VDPAU driver: nouveau
[    17.049] (II) Loading sub module "exa"
[    17.049] (II) LoadModule: "exa"
[    17.049] (II) Loading /usr/lib/xorg/modules/libexa.so
[    17.051] (II) Module exa: vendor="X.Org Foundation"
[    17.051] 	compiled for 1.20.0, module version = 2.6.0
[    17.051] 	ABI class: X.Org Video Driver, version 24.0
[    17.051] (II) EXA(0): Driver allocated offscreen pixmaps
[    17.051] (II) EXA(0): Driver registered support for the following operations:
[    17.051] (II)         Solid
[    17.051] (II)         Copy
[    17.051] (II)         Composite (RENDER acceleration)
[    17.051] (II)         UploadToScreen
[    17.051] (II)         DownloadFromScreen
[    17.051] (==) NOUVEAU(0): Backing store enabled
[    17.051] (==) NOUVEAU(0): Silken mouse disabled
[    17.051] (II) NOUVEAU(0): [XvMC] Associated with Nouveau GeForce 8/9 Textured Video.
[    17.051] (II) NOUVEAU(0): [XvMC] Extension initialized.
[    17.051] (==) NOUVEAU(0): DPMS enabled
[    17.052] (II) Initializing extension Generic Event Extension
[    17.052] (II) Initializing extension SHAPE
[    17.052] (II) Initializing extension MIT-SHM
[    17.052] (II) Initializing extension XInputExtension
[    17.052] (II) Initializing extension XTEST
[    17.052] (II) Initializing extension BIG-REQUESTS
[    17.052] (II) Initializing extension SYNC
[    17.052] (II) Initializing extension XKEYBOARD
[    17.052] (II) Initializing extension XC-MISC
[    17.052] (II) Initializing extension SECURITY
[    17.052] (II) Initializing extension XFIXES
[    17.052] (II) Initializing extension RENDER
[    17.052] (II) Initializing extension RANDR
[    17.052] (II) Initializing extension COMPOSITE
[    17.052] (II) Initializing extension DAMAGE
[    17.052] (II) Initializing extension MIT-SCREEN-SAVER
[    17.052] (II) Initializing extension DOUBLE-BUFFER
[    17.052] (II) Initializing extension RECORD
[    17.052] (II) Initializing extension DPMS
[    17.052] (II) Initializing extension Present
[    17.052] (II) Initializing extension DRI3
[    17.052] (II) Initializing extension X-Resource
[    17.052] (II) Initializing extension XVideo
[    17.052] (II) Initializing extension XVideo-MotionCompensation
[    17.052] (II) Initializing extension GLX
[    17.942] (II) AIGLX: Loaded and initialized nouveau
[    17.942] (II) GLX: Initialized DRI2 GL provider for screen 0
[    17.942] (II) Initializing extension XFree86-VidModeExtension
[    17.942] (II) Initializing extension XFree86-DGA
[    17.942] (II) Initializing extension XFree86-DRI
[    17.942] (II) Initializing extension DRI2
[    17.944] (II) NOUVEAU(0): NVEnterVT is called.
[    18.001] (II) NOUVEAU(0): Setting screen physical size to 1016 x 285
[    18.001] resize called 3840 1080
[    18.105] (II) config/udev: Adding input device Power Button (/dev/input/event2)
[    18.105] (**) Power Button: Applying InputClass "evdev keyboard catchall"
[    18.105] (**) Power Button: Applying InputClass "libinput keyboard catchall"
[    18.105] (**) Power Button: Applying InputClass "clickpad-buttons"
[    18.105] (**) Power Button: Applying InputClass "default-keyboard "
[    18.105] (II) LoadModule: "libinput"
[    18.105] (II) Loading /usr/lib/xorg/modules/input/libinput_drv.so
[    18.108] (II) Module libinput: vendor="X.Org Foundation"
[    18.108] 	compiled for 1.20.0, module version = 0.28.0
[    18.108] 	Module class: X.Org XInput Driver
[    18.108] 	ABI class: X.Org XInput driver, version 24.1
[    18.108] (II) Using input driver 'libinput' for 'Power Button'
[    18.109] (II) systemd-logind: got fd for /dev/input/event2 13:66 fd 15 paused 0
[    18.109] (**) Power Button: always reports core events
[    18.109] (**) Option "Device" "/dev/input/event2"
[    18.109] (**) Option "_source" "server/udev"
[    18.109] (II) event2  - Power Button: is tagged by udev as: Keyboard
[    18.109] (II) event2  - Power Button: device is a keyboard
[    18.109] (II) event2  - Power Button: device removed
[    18.109] (**) Option "config_info" "udev:/sys/devices/LNXSYSTM:00/LNXPWRBN:00/input/input2/event2"
[    18.109] (II) XINPUT: Adding extended input device "Power Button" (type: KEYBOARD, id 6)
[    18.109] (**) Option "xkb_options" "terminate:ctrl_alt_bksp"
[    18.121] (II) event2  - Power Button: is tagged by udev as: Keyboard
[    18.121] (II) event2  - Power Button: device is a keyboard
[    18.121] (II) config/udev: Adding input device Power Button (/dev/input/event1)
[    18.121] (**) Power Button: Applying InputClass "evdev keyboard catchall"
[    18.121] (**) Power Button: Applying InputClass "libinput keyboard catchall"
[    18.122] (**) Power Button: Applying InputClass "clickpad-buttons"
[    18.122] (**) Power Button: Applying InputClass "default-keyboard "
[    18.122] (II) Using input driver 'libinput' for 'Power Button'
[    18.122] (II) systemd-logind: got fd for /dev/input/event1 13:65 fd 18 paused 0
[    18.122] (**) Power Button: always reports core events
[    18.122] (**) Option "Device" "/dev/input/event1"
[    18.122] (**) Option "_source" "server/udev"
[    18.122] (II) event1  - Power Button: is tagged by udev as: Keyboard
[    18.122] (II) event1  - Power Button: device is a keyboard
[    18.122] (II) event1  - Power Button: device removed
[    18.122] (**) Option "config_info" "udev:/sys/devices/LNXSYSTM:00/LNXSYBUS:00/PNP0C0C:00/input/input1/event1"
[    18.122] (II) XINPUT: Adding extended input device "Power Button" (type: KEYBOARD, id 7)
[    18.122] (**) Option "xkb_options" "terminate:ctrl_alt_bksp"
[    18.122] (II) event1  - Power Button: is tagged by udev as: Keyboard
[    18.122] (II) event1  - Power Button: device is a keyboard
[    18.123] (II) config/udev: Adding input device Sleep Button (/dev/input/event0)
[    18.123] (**) Sleep Button: Applying InputClass "evdev keyboard catchall"
[    18.123] (**) Sleep Button: Applying InputClass "libinput keyboard catchall"
[    18.123] (**) Sleep Button: Applying InputClass "clickpad-buttons"
[    18.123] (**) Sleep Button: Applying InputClass "default-keyboard "
[    18.123] (II) Using input driver 'libinput' for 'Sleep Button'
[    18.123] (II) systemd-logind: got fd for /dev/input/event0 13:64 fd 19 paused 0
[    18.123] (**) Sleep Button: always reports core events
[    18.123] (**) Option "Device" "/dev/input/event0"
[    18.123] (**) Option "_source" "server/udev"
[    18.123] (II) event0  - Sleep Button: is tagged by udev as: Keyboard
[    18.123] (II) event0  - Sleep Button: device is a keyboard
[    18.123] (II) event0  - Sleep Button: device removed
[    18.123] (**) Option "config_info" "udev:/sys/devices/LNXSYSTM:00/LNXSYBUS:00/PNP0C0E:00/input/input0/event0"
[    18.123] (II) XINPUT: Adding extended input device "Sleep Button" (type: KEYBOARD, id 8)
[    18.123] (**) Option "xkb_options" "terminate:ctrl_alt_bksp"
[    18.123] (II) event0  - Sleep Button: is tagged by udev as: Keyboard
[    18.123] (II) event0  - Sleep Button: device is a keyboard
[    18.124] (II) config/udev: Adding input device HDA NVidia HDMI/DP,pcm=3 (/dev/input/event15)
[    18.124] (II) No input driver specified, ignoring this device.
[    18.124] (II) This device may have been added with another device file.
[    18.124] (II) config/udev: Adding input device HDA NVidia HDMI/DP,pcm=7 (/dev/input/event16)
[    18.124] (II) No input driver specified, ignoring this device.
[    18.124] (II) This device may have been added with another device file.
[    18.124] (II) config/udev: Adding input device HDA NVidia HDMI/DP,pcm=8 (/dev/input/event17)
[    18.124] (II) No input driver specified, ignoring this device.
[    18.124] (II) This device may have been added with another device file.
[    18.124] (II) config/udev: Adding input device HDA NVidia HDMI/DP,pcm=9 (/dev/input/event18)
[    18.124] (II) No input driver specified, ignoring this device.
[    18.124] (II) This device may have been added with another device file.
[    18.125] (II) config/udev: Adding input device Logitech G203 Prodigy Gaming Mouse (/dev/input/event3)
[    18.125] (**) Logitech G203 Prodigy Gaming Mouse: Applying InputClass "evdev pointer catchall"
[    18.125] (**) Logitech G203 Prodigy Gaming Mouse: Applying InputClass "libinput pointer catchall"
[    18.125] (**) Logitech G203 Prodigy Gaming Mouse: Applying InputClass "clickpad-buttons"
[    18.125] (II) Using input driver 'libinput' for 'Logitech G203 Prodigy Gaming Mouse'
[    18.180] (II) systemd-logind: got fd for /dev/input/event3 13:67 fd 20 paused 0
[    18.180] (**) Logitech G203 Prodigy Gaming Mouse: always reports core events
[    18.180] (**) Option "Device" "/dev/input/event3"
[    18.180] (**) Option "_source" "server/udev"
[    18.181] (II) event3  - Logitech G203 Prodigy Gaming Mouse: is tagged by udev as: Mouse
[    18.181] (II) event3  - Logitech G203 Prodigy Gaming Mouse: device is a pointer
[    18.181] (II) event3  - Logitech G203 Prodigy Gaming Mouse: device removed
[    18.181] (**) Option "config_info" "udev:/sys/devices/pci0000:00/0000:00:14.0/usb1/1-7/1-7.2/1-7.2:1.0/0003:046D:C084.0001/input/input3/event3"
[    18.181] (II) XINPUT: Adding extended input device "Logitech G203 Prodigy Gaming Mouse" (type: MOUSE, id 9)
[    18.181] (**) Option "AccelerationScheme" "none"
[    18.181] (**) Logitech G203 Prodigy Gaming Mouse: (accel) selected scheme none/0
[    18.181] (**) Logitech G203 Prodigy Gaming Mouse: (accel) acceleration factor: 2.000
[    18.181] (**) Logitech G203 Prodigy Gaming Mouse: (accel) acceleration threshold: 4
[    18.182] (II) event3  - Logitech G203 Prodigy Gaming Mouse: is tagged by udev as: Mouse
[    18.182] (II) event3  - Logitech G203 Prodigy Gaming Mouse: device is a pointer
[    18.184] (II) config/udev: Adding input device Logitech G203 Prodigy Gaming Mouse (/dev/input/mouse0)
[    18.184] (II) No input driver specified, ignoring this device.
[    18.184] (II) This device may have been added with another device file.
[    18.185] (II) config/udev: Adding input device Logitech G203 Prodigy Gaming Mouse (/dev/input/event4)
[    18.185] (**) Logitech G203 Prodigy Gaming Mouse: Applying InputClass "evdev keyboard catchall"
[    18.185] (**) Logitech G203 Prodigy Gaming Mouse: Applying InputClass "libinput keyboard catchall"
[    18.185] (**) Logitech G203 Prodigy Gaming Mouse: Applying InputClass "clickpad-buttons"
[    18.185] (**) Logitech G203 Prodigy Gaming Mouse: Applying InputClass "default-keyboard "
[    18.185] (II) Using input driver 'libinput' for 'Logitech G203 Prodigy Gaming Mouse'
[    18.187] (II) systemd-logind: got fd for /dev/input/event4 13:68 fd 21 paused 0
[    18.187] (**) Logitech G203 Prodigy Gaming Mouse: always reports core events
[    18.187] (**) Option "Device" "/dev/input/event4"
[    18.187] (**) Option "_source" "server/udev"
[    18.188] (II) event4  - Logitech G203 Prodigy Gaming Mouse: is tagged by udev as: Keyboard
[    18.188] (II) event4  - Logitech G203 Prodigy Gaming Mouse: device is a keyboard
[    18.189] (II) event4  - Logitech G203 Prodigy Gaming Mouse: device removed
[    18.189] (II) libinput: Logitech G203 Prodigy Gaming Mouse: needs a virtual subdevice
[    18.189] (**) Option "config_info" "udev:/sys/devices/pci0000:00/0000:00:14.0/usb1/1-7/1-7.2/1-7.2:1.1/0003:046D:C084.0002/input/input4/event4"
[    18.189] (II) XINPUT: Adding extended input device "Logitech G203 Prodigy Gaming Mouse" (type: MOUSE, id 10)
[    18.189] (**) Option "AccelerationScheme" "none"
[    18.189] (**) Logitech G203 Prodigy Gaming Mouse: (accel) selected scheme none/0
[    18.189] (**) Logitech G203 Prodigy Gaming Mouse: (accel) acceleration factor: 2.000
[    18.189] (**) Logitech G203 Prodigy Gaming Mouse: (accel) acceleration threshold: 4
[    18.190] (II) event4  - Logitech G203 Prodigy Gaming Mouse: is tagged by udev as: Keyboard
[    18.190] (II) event4  - Logitech G203 Prodigy Gaming Mouse: device is a keyboard
[    18.192] (II) config/udev: Adding input device Kingston HyperX Alloy FPS Mechanical Gaming Keyboard (/dev/input/event5)
[    18.192] (**) Kingston HyperX Alloy FPS Mechanical Gaming Keyboard: Applying InputClass "evdev keyboard catchall"
[    18.192] (**) Kingston HyperX Alloy FPS Mechanical Gaming Keyboard: Applying InputClass "libinput keyboard catchall"
[    18.192] (**) Kingston HyperX Alloy FPS Mechanical Gaming Keyboard: Applying InputClass "clickpad-buttons"
[    18.192] (**) Kingston HyperX Alloy FPS Mechanical Gaming Keyboard: Applying InputClass "default-keyboard "
[    18.192] (II) Using input driver 'libinput' for 'Kingston HyperX Alloy FPS Mechanical Gaming Keyboard'
[    18.194] (II) systemd-logind: got fd for /dev/input/event5 13:69 fd 22 paused 0
[    18.194] (**) Kingston HyperX Alloy FPS Mechanical Gaming Keyboard: always reports core events
[    18.194] (**) Option "Device" "/dev/input/event5"
[    18.194] (**) Option "_source" "server/udev"
[    18.195] (II) event5  - Kingston HyperX Alloy FPS Mechanical Gaming Keyboard: is tagged by udev as: Keyboard
[    18.195] (II) event5  - Kingston HyperX Alloy FPS Mechanical Gaming Keyboard: device is a keyboard
[    18.195] (II) event5  - Kingston HyperX Alloy FPS Mechanical Gaming Keyboard: device removed
[    18.195] (**) Option "config_info" "udev:/sys/devices/pci0000:00/0000:00:14.0/usb1/1-7/1-7.3/1-7.3:1.0/0003:0951:16B7.0003/input/input5/event5"
[    18.195] (II) XINPUT: Adding extended input device "Kingston HyperX Alloy FPS Mechanical Gaming Keyboard" (type: KEYBOARD, id 11)
[    18.195] (**) Option "xkb_options" "terminate:ctrl_alt_bksp"
[    18.197] (II) event5  - Kingston HyperX Alloy FPS Mechanical Gaming Keyboard: is tagged by udev as: Keyboard
[    18.197] (II) event5  - Kingston HyperX Alloy FPS Mechanical Gaming Keyboard: device is a keyboard
[    18.199] (II) config/udev: Adding input device Kingston HyperX Alloy FPS Mechanical Gaming Keyboard (/dev/input/event6)
[    18.199] (**) Kingston HyperX Alloy FPS Mechanical Gaming Keyboard: Applying InputClass "evdev pointer catchall"
[    18.199] (**) Kingston HyperX Alloy FPS Mechanical Gaming Keyboard: Applying InputClass "evdev keyboard catchall"
[    18.199] (**) Kingston HyperX Alloy FPS Mechanical Gaming Keyboard: Applying InputClass "libinput pointer catchall"
[    18.199] (**) Kingston HyperX Alloy FPS Mechanical Gaming Keyboard: Applying InputClass "libinput keyboard catchall"
[    18.199] (**) Kingston HyperX Alloy FPS Mechanical Gaming Keyboard: Applying InputClass "clickpad-buttons"
[    18.199] (**) Kingston HyperX Alloy FPS Mechanical Gaming Keyboard: Applying InputClass "default-keyboard "
[    18.199] (II) Using input driver 'libinput' for 'Kingston HyperX Alloy FPS Mechanical Gaming Keyboard'
[    18.201] (II) systemd-logind: got fd for /dev/input/event6 13:70 fd 23 paused 0
[    18.201] (**) Kingston HyperX Alloy FPS Mechanical Gaming Keyboard: always reports core events
[    18.201] (**) Option "Device" "/dev/input/event6"
[    18.201] (**) Option "_source" "server/udev"
[    18.202] (II) event6  - Kingston HyperX Alloy FPS Mechanical Gaming Keyboard: is tagged by udev as: Keyboard Mouse
[    18.202] (II) event6  - Kingston HyperX Alloy FPS Mechanical Gaming Keyboard: device is a pointer
[    18.202] (II) event6  - Kingston HyperX Alloy FPS Mechanical Gaming Keyboard: device is a keyboard
[    18.202] (II) event6  - Kingston HyperX Alloy FPS Mechanical Gaming Keyboard: device removed
[    18.203] (II) libinput: Kingston HyperX Alloy FPS Mechanical Gaming Keyboard: needs a virtual subdevice
[    18.203] (**) Option "config_info" "udev:/sys/devices/pci0000:00/0000:00:14.0/usb1/1-7/1-7.3/1-7.3:1.1/0003:0951:16B7.0004/input/input6/event6"
[    18.203] (II) XINPUT: Adding extended input device "Kingston HyperX Alloy FPS Mechanical Gaming Keyboard" (type: MOUSE, id 12)
[    18.203] (**) Option "AccelerationScheme" "none"
[    18.203] (**) Kingston HyperX Alloy FPS Mechanical Gaming Keyboard: (accel) selected scheme none/0
[    18.203] (**) Kingston HyperX Alloy FPS Mechanical Gaming Keyboard: (accel) acceleration factor: 2.000
[    18.203] (**) Kingston HyperX Alloy FPS Mechanical Gaming Keyboard: (accel) acceleration threshold: 4
[    18.204] (II) event6  - Kingston HyperX Alloy FPS Mechanical Gaming Keyboard: is tagged by udev as: Keyboard Mouse
[    18.204] (II) event6  - Kingston HyperX Alloy FPS Mechanical Gaming Keyboard: device is a pointer
[    18.204] (II) event6  - Kingston HyperX Alloy FPS Mechanical Gaming Keyboard: device is a keyboard
[    18.206] (II) config/udev: Adding input device Kingston HyperX Alloy FPS Mechanical Gaming Keyboard (/dev/input/mouse1)
[    18.206] (**) Kingston HyperX Alloy FPS Mechanical Gaming Keyboard: Applying InputClass "default-keyboard "
[    18.206] (II) No input driver specified, ignoring this device.
[    18.206] (II) This device may have been added with another device file.
[    18.206] (II) config/udev: Adding input device HDA Intel PCH Line Out Front (/dev/input/event10)
[    18.206] (II) No input driver specified, ignoring this device.
[    18.206] (II) This device may have been added with another device file.
[    18.207] (II) config/udev: Adding input device HDA Intel PCH Line Out Surround (/dev/input/event11)
[    18.207] (II) No input driver specified, ignoring this device.
[    18.207] (II) This device may have been added with another device file.
[    18.207] (II) config/udev: Adding input device HDA Intel PCH Line Out CLFE (/dev/input/event12)
[    18.207] (II) No input driver specified, ignoring this device.
[    18.207] (II) This device may have been added with another device file.
[    18.207] (II) config/udev: Adding input device HDA Intel PCH Line Out Side (/dev/input/event13)
[    18.207] (II) No input driver specified, ignoring this device.
[    18.207] (II) This device may have been added with another device file.
[    18.207] (II) config/udev: Adding input device HDA Intel PCH Front Headphone (/dev/input/event14)
[    18.207] (II) No input driver specified, ignoring this device.
[    18.207] (II) This device may have been added with another device file.
[    18.207] (II) config/udev: Adding input device HDA Intel PCH Front Mic (/dev/input/event7)
[    18.207] (II) No input driver specified, ignoring this device.
[    18.207] (II) This device may have been added with another device file.
[    18.207] (II) config/udev: Adding input device HDA Intel PCH Rear Mic (/dev/input/event8)
[    18.207] (II) No input driver specified, ignoring this device.
[    18.207] (II) This device may have been added with another device file.
[    18.207] (II) config/udev: Adding input device HDA Intel PCH Line (/dev/input/event9)
[    18.207] (II) No input driver specified, ignoring this device.
[    18.207] (II) This device may have been added with another device file.
[    18.209] (**) Logitech G203 Prodigy Gaming Mouse: Applying InputClass "evdev keyboard catchall"
[    18.209] (**) Logitech G203 Prodigy Gaming Mouse: Applying InputClass "libinput keyboard catchall"
[    18.209] (**) Logitech G203 Prodigy Gaming Mouse: Applying InputClass "clickpad-buttons"
[    18.209] (**) Logitech G203 Prodigy Gaming Mouse: Applying InputClass "default-keyboard "
[    18.209] (II) Using input driver 'libinput' for 'Logitech G203 Prodigy Gaming Mouse'
[    18.209] (II) systemd-logind: returning pre-existing fd for /dev/input/event4 13:68
[    18.209] (**) Logitech G203 Prodigy Gaming Mouse: always reports core events
[    18.209] (**) Option "Device" "/dev/input/event4"
[    18.209] (**) Option "_source" "_driver/libinput"
[    18.209] (II) libinput: Logitech G203 Prodigy Gaming Mouse: is a virtual subdevice
[    18.209] (**) Option "config_info" "udev:/sys/devices/pci0000:00/0000:00:14.0/usb1/1-7/1-7.2/1-7.2:1.1/0003:046D:C084.0002/input/input4/event4"
[    18.209] (II) XINPUT: Adding extended input device "Logitech G203 Prodigy Gaming Mouse" (type: KEYBOARD, id 13)
[    18.209] (**) Option "xkb_options" "terminate:ctrl_alt_bksp"
[    18.209] (**) Kingston HyperX Alloy FPS Mechanical Gaming Keyboard: Applying InputClass "evdev pointer catchall"
[    18.209] (**) Kingston HyperX Alloy FPS Mechanical Gaming Keyboard: Applying InputClass "evdev keyboard catchall"
[    18.209] (**) Kingston HyperX Alloy FPS Mechanical Gaming Keyboard: Applying InputClass "libinput pointer catchall"
[    18.209] (**) Kingston HyperX Alloy FPS Mechanical Gaming Keyboard: Applying InputClass "libinput keyboard catchall"
[    18.209] (**) Kingston HyperX Alloy FPS Mechanical Gaming Keyboard: Applying InputClass "clickpad-buttons"
[    18.209] (**) Kingston HyperX Alloy FPS Mechanical Gaming Keyboard: Applying InputClass "default-keyboard "
[    18.209] (II) Using input driver 'libinput' for 'Kingston HyperX Alloy FPS Mechanical Gaming Keyboard'
[    18.209] (II) systemd-logind: returning pre-existing fd for /dev/input/event6 13:70
[    18.209] (**) Kingston HyperX Alloy FPS Mechanical Gaming Keyboard: always reports core events
[    18.209] (**) Option "Device" "/dev/input/event6"
[    18.209] (**) Option "_source" "_driver/libinput"
[    18.209] (II) libinput: Kingston HyperX Alloy FPS Mechanical Gaming Keyboard: is a virtual subdevice
[    18.209] (**) Option "config_info" "udev:/sys/devices/pci0000:00/0000:00:14.0/usb1/1-7/1-7.3/1-7.3:1.1/0003:0951:16B7.0004/input/input6/event6"
[    18.209] (II) XINPUT: Adding extended input device "Kingston HyperX Alloy FPS Mechanical Gaming Keyboard" (type: KEYBOARD, id 14)
[    18.209] (**) Option "xkb_options" "terminate:ctrl_alt_bksp"
[    19.633] (II) NOUVEAU(0): EDID vendor "GSM", prod id 22908
[    19.633] (II) NOUVEAU(0): Using EDID range info for horizontal sync
[    19.633] (II) NOUVEAU(0): Using EDID range info for vertical refresh
[    19.633] (II) NOUVEAU(0): Printing DDC gathered Modelines:
[    19.633] (II) NOUVEAU(0): Modeline "1920x1080"x0.0  148.50  1920 2008 2052 2200  1080 1084 1089 1125 +hsync +vsync (67.5 kHz eP)
[    19.633] (II) NOUVEAU(0): Modeline "800x600"x0.0   40.00  800 840 968 1056  600 601 605 628 +hsync +vsync (37.9 kHz e)
[    19.633] (II) NOUVEAU(0): Modeline "800x600"x0.0   36.00  800 824 896 1024  600 601 603 625 +hsync +vsync (35.2 kHz e)
[    19.633] (II) NOUVEAU(0): Modeline "640x480"x0.0   31.50  640 656 720 840  480 481 484 500 -hsync -vsync (37.5 kHz e)
[    19.633] (II) NOUVEAU(0): Modeline "640x480"x0.0   25.18  640 656 752 800  480 490 492 525 -hsync -vsync (31.5 kHz e)
[    19.633] (II) NOUVEAU(0): Modeline "720x400"x0.0   28.32  720 738 846 900  400 412 414 449 -hsync +vsync (31.5 kHz e)
[    19.633] (II) NOUVEAU(0): Modeline "1280x1024"x0.0  135.00  1280 1296 1440 1688  1024 1025 1028 1066 +hsync +vsync (80.0 kHz e)
[    19.633] (II) NOUVEAU(0): Modeline "1024x768"x0.0   78.75  1024 1040 1136 1312  768 769 772 800 +hsync +vsync (60.0 kHz e)
[    19.633] (II) NOUVEAU(0): Modeline "1024x768"x0.0   65.00  1024 1048 1184 1344  768 771 777 806 -hsync -vsync (48.4 kHz e)
[    19.633] (II) NOUVEAU(0): Modeline "832x624"x0.0   57.28  832 864 928 1152  624 625 628 667 -hsync -vsync (49.7 kHz e)
[    19.633] (II) NOUVEAU(0): Modeline "800x600"x0.0   49.50  800 816 896 1056  600 601 604 625 +hsync +vsync (46.9 kHz e)
[    19.633] (II) NOUVEAU(0): Modeline "1152x864"x0.0  108.00  1152 1216 1344 1600  864 865 868 900 +hsync +vsync (67.5 kHz e)
[    19.633] (II) NOUVEAU(0): Modeline "1280x720"x60.0   74.48  1280 1336 1472 1664  720 721 724 746 -hsync +vsync (44.8 kHz e)
[    19.633] (II) NOUVEAU(0): Modeline "1280x800"x0.0   83.50  1280 1352 1480 1680  800 803 809 831 -hsync +vsync (49.7 kHz e)
[    19.633] (II) NOUVEAU(0): Modeline "1280x1024"x0.0  108.00  1280 1328 1440 1688  1024 1025 1028 1066 +hsync +vsync (64.0 kHz e)
[    19.633] (II) NOUVEAU(0): Modeline "1440x900"x0.0  106.50  1440 1520 1672 1904  900 903 909 934 -hsync +vsync (55.9 kHz e)
[    19.633] (II) NOUVEAU(0): Modeline "1400x1050"x0.0  121.75  1400 1488 1632 1864  1050 1053 1057 1089 -hsync +vsync (65.3 kHz e)
[    19.633] (II) NOUVEAU(0): Modeline "1600x900"x60.0  119.00  1600 1696 1864 2128  900 901 904 932 -hsync +vsync (55.9 kHz e)
[    19.633] (II) NOUVEAU(0): Modeline "1680x1050"x0.0  146.25  1680 1784 1960 2240  1050 1053 1059 1089 -hsync +vsync (65.3 kHz e)
[    20.000] (II) NOUVEAU(0): EDID vendor "GSM", prod id 22908
[    20.000] (II) NOUVEAU(0): Using hsync ranges from config file
[    20.000] (II) NOUVEAU(0): Using vrefresh ranges from config file
[    20.000] (II) NOUVEAU(0): Printing DDC gathered Modelines:
[    20.000] (II) NOUVEAU(0): Modeline "1920x1080"x0.0  148.50  1920 2008 2052 2200  1080 1084 1089 1125 +hsync +vsync (67.5 kHz eP)
[    20.000] (II) NOUVEAU(0): Modeline "800x600"x0.0   40.00  800 840 968 1056  600 601 605 628 +hsync +vsync (37.9 kHz e)
[    20.000] (II) NOUVEAU(0): Modeline "800x600"x0.0   36.00  800 824 896 1024  600 601 603 625 +hsync +vsync (35.2 kHz e)
[    20.000] (II) NOUVEAU(0): Modeline "640x480"x0.0   31.50  640 656 720 840  480 481 484 500 -hsync -vsync (37.5 kHz e)
[    20.000] (II) NOUVEAU(0): Modeline "640x480"x0.0   25.18  640 656 752 800  480 490 492 525 -hsync -vsync (31.5 kHz e)
[    20.000] (II) NOUVEAU(0): Modeline "720x400"x0.0   28.32  720 738 846 900  400 412 414 449 -hsync +vsync (31.5 kHz e)
[    20.000] (II) NOUVEAU(0): Modeline "1280x1024"x0.0  135.00  1280 1296 1440 1688  1024 1025 1028 1066 +hsync +vsync (80.0 kHz e)
[    20.000] (II) NOUVEAU(0): Modeline "1024x768"x0.0   78.75  1024 1040 1136 1312  768 769 772 800 +hsync +vsync (60.0 kHz e)
[    20.000] (II) NOUVEAU(0): Modeline "1024x768"x0.0   65.00  1024 1048 1184 1344  768 771 777 806 -hsync -vsync (48.4 kHz e)
[    20.000] (II) NOUVEAU(0): Modeline "832x624"x0.0   57.28  832 864 928 1152  624 625 628 667 -hsync -vsync (49.7 kHz e)
[    20.000] (II) NOUVEAU(0): Modeline "800x600"x0.0   49.50  800 816 896 1056  600 601 604 625 +hsync +vsync (46.9 kHz e)
[    20.000] (II) NOUVEAU(0): Modeline "1152x864"x0.0  108.00  1152 1216 1344 1600  864 865 868 900 +hsync +vsync (67.5 kHz e)
[    20.000] (II) NOUVEAU(0): Modeline "1280x720"x60.0   74.48  1280 1336 1472 1664  720 721 724 746 -hsync +vsync (44.8 kHz e)
[    20.000] (II) NOUVEAU(0): Modeline "1280x800"x0.0   83.50  1280 1352 1480 1680  800 803 809 831 -hsync +vsync (49.7 kHz e)
[    20.000] (II) NOUVEAU(0): Modeline "1280x1024"x0.0  108.00  1280 1328 1440 1688  1024 1025 1028 1066 +hsync +vsync (64.0 kHz e)
[    20.000] (II) NOUVEAU(0): Modeline "1440x900"x0.0  106.50  1440 1520 1672 1904  900 903 909 934 -hsync +vsync (55.9 kHz e)
[    20.000] (II) NOUVEAU(0): Modeline "1400x1050"x0.0  121.75  1400 1488 1632 1864  1050 1053 1057 1089 -hsync +vsync (65.3 kHz e)
[    20.000] (II) NOUVEAU(0): Modeline "1600x900"x60.0  119.00  1600 1696 1864 2128  900 901 904 932 -hsync +vsync (55.9 kHz e)
[    20.000] (II) NOUVEAU(0): Modeline "1680x1050"x0.0  146.25  1680 1784 1960 2240  1050 1053 1059 1089 -hsync +vsync (65.3 kHz e)
[    54.343] -2
[   108.626] -2
[   109.576] -2
[   146.328] -2
[   207.271] -2
[   254.168] -2
[   255.592] -2
[   442.701] -2
[   570.130] -2
[   715.381] -2
[   716.592] (II) event3  - Logitech G203 Prodigy Gaming Mouse: SYN_DROPPED event - some input events have been lost.
[   717.594] (II) event3  - Logitech G203 Prodigy Gaming Mouse: SYN_DROPPED event - some input events have been lost.
[   738.786] (II) event3  - Logitech G203 Prodigy Gaming Mouse: SYN_DROPPED event - some input events have been lost.
[   739.525] -2
[   788.060] -2
[   801.375] -2
[   810.528] -2
[   810.708] -2
[   813.409] -2
